Start testing: Feb 10 15:30 CET
----------------------------------------------------------
1/3 Testing: CalculatorTest.Add
1/3 Test: CalculatorTest.Add
Command: "/home/mateusz/C++/CMake/CMakeCrashCourse/Episode_24_testing_functions/build/test/unit_tests" "--gtest_filter=CalculatorTest.Add" "--gtest_also_run_disabled_tests"
Directory: /home/mateusz/C++/CMake/CMakeCrashCourse/Episode_24_testing_functions/build/test
"CalculatorTest.Add" start time: Feb 10 15:30 CET
Output:
----------------------------------------------------------
Running main() from /home/mateusz/C++/CMake/CMakeCrashCourse/Episode_24_testing_functions/build/_deps/googletest-src/googletest/src/gtest_main.cc
Note: Google Test filter = CalculatorTest.Add
[==========] Running 1 test from 1 test suite.
[----------] Global test environment set-up.
[----------] 1 test from CalculatorTest
[ RUN      ] CalculatorTest.Add
[       OK ] CalculatorTest.Add (0 ms)
[----------] 1 test from CalculatorTest (0 ms total)

[----------] Global test environment tear-down
[==========] 1 test from 1 test suite ran. (0 ms total)
[  PASSED  ] 1 test.
<end of output>
Test time =   0.01 sec
----------------------------------------------------------
Test Passed.
"CalculatorTest.Add" end time: Feb 10 15:30 CET
"CalculatorTest.Add" time elapsed: 00:00:00
----------------------------------------------------------

2/3 Testing: CalculatorTest.Mul
2/3 Test: CalculatorTest.Mul
Command: "/home/mateusz/C++/CMake/CMakeCrashCourse/Episode_24_testing_functions/build/test/unit_tests" "--gtest_filter=CalculatorTest.Mul" "--gtest_also_run_disabled_tests"
Directory: /home/mateusz/C++/CMake/CMakeCrashCourse/Episode_24_testing_functions/build/test
"CalculatorTest.Mul" start time: Feb 10 15:30 CET
Output:
----------------------------------------------------------
Running main() from /home/mateusz/C++/CMake/CMakeCrashCourse/Episode_24_testing_functions/build/_deps/googletest-src/googletest/src/gtest_main.cc
Note: Google Test filter = CalculatorTest.Mul
[==========] Running 1 test from 1 test suite.
[----------] Global test environment set-up.
[----------] 1 test from CalculatorTest
[ RUN      ] CalculatorTest.Mul
[       OK ] CalculatorTest.Mul (0 ms)
[----------] 1 test from CalculatorTest (0 ms total)

[----------] Global test environment tear-down
[==========] 1 test from 1 test suite ran. (0 ms total)
[  PASSED  ] 1 test.
<end of output>
Test time =   0.00 sec
----------------------------------------------------------
Test Passed.
"CalculatorTest.Mul" end time: Feb 10 15:30 CET
"CalculatorTest.Mul" time elapsed: 00:00:00
----------------------------------------------------------

3/3 Testing: RunAppTest.OutputTest
3/3 Test: RunAppTest.OutputTest
Command: "/home/mateusz/C++/CMake/CMakeCrashCourse/Episode_24_testing_functions/build/test/unit_tests" "--gtest_filter=RunAppTest.OutputTest" "--gtest_also_run_disabled_tests"
Directory: /home/mateusz/C++/CMake/CMakeCrashCourse/Episode_24_testing_functions/build/test
"RunAppTest.OutputTest" start time: Feb 10 15:30 CET
Output:
----------------------------------------------------------
Running main() from /home/mateusz/C++/CMake/CMakeCrashCourse/Episode_24_testing_functions/build/_deps/googletest-src/googletest/src/gtest_main.cc
Note: Google Test filter = RunAppTest.OutputTest
[==========] Running 1 test from 1 test suite.
[----------] Global test environment set-up.
[----------] 1 test from RunAppTest
[ RUN      ] RunAppTest.OutputTest
[       OK ] RunAppTest.OutputTest (0 ms)
[----------] 1 test from RunAppTest (0 ms total)

[----------] Global test environment tear-down
[==========] 1 test from 1 test suite ran. (0 ms total)
[  PASSED  ] 1 test.
<end of output>
Test time =   0.00 sec
----------------------------------------------------------
Test Passed.
"RunAppTest.OutputTest" end time: Feb 10 15:30 CET
"RunAppTest.OutputTest" time elapsed: 00:00:00
----------------------------------------------------------

End testing: Feb 10 15:30 CET
